<?xml version="1.0" encoding="UTF-8"?>
<!-- Generated by org.testng.reporters.JUnitReportReporter -->
<testsuite hostname="AmrutaBhoite" failures="0" tests="1" name="Scripts.TestCase1" time="56.555" errors="0" timestamp="2023-09-09T15:27:52 IST" skipped="0">
  <testcase classname="Scripts.TestCase1" name="tc1" time="56.555"/>
</testsuite> <!-- Scripts.TestCase1 -->
