<?xml version="1.0" encoding="UTF-8"?>
<!-- Generated by org.testng.reporters.JUnitReportReporter -->
<testsuite hostname="AmrutaBhoite" failures="0" tests="1" name="Scripts.TestCase1" time="12.877" errors="0" timestamp="2023-09-09T14:34:14 IST" skipped="0">
  <testcase classname="Scripts.TestCase1" name="tcl" time="12.877"/>
</testsuite> <!-- Scripts.TestCase1 -->
