<?xml version="1.0" encoding="UTF-8"?>
<!-- Generated by org.testng.reporters.JUnitReportReporter -->
<testsuite hostname="AmrutaBhoite" failures="0" tests="1" name="Scripts.TestCase2" time="76.434" errors="0" timestamp="2023-09-09T15:29:27 IST" skipped="0">
  <testcase classname="Scripts.TestCase2" name="tc2" time="76.434"/>
</testsuite> <!-- Scripts.TestCase2 -->
